\BOOKMARK [1][-]{section.1}{Einleitung}{}% 1
\BOOKMARK [2][-]{subsection.1.1}{Aufgabenstellung}{section.1}% 2
\BOOKMARK [2][-]{subsection.1.2}{Motivation}{section.1}% 3
\BOOKMARK [2][-]{subsection.1.3}{CBC Cologne Broadcasting GmbH}{section.1}% 4
\BOOKMARK [2][-]{subsection.1.4}{Gliederung}{section.1}% 5
\BOOKMARK [1][-]{section.2}{Cloud Computing und Serverless}{}% 6
\BOOKMARK [2][-]{subsection.2.1}{Allgemeines}{section.2}% 7
\BOOKMARK [2][-]{subsection.2.2}{Definition und Erl\344uterung}{section.2}% 8
\BOOKMARK [2][-]{subsection.2.3}{Cloud Computing-Modelle}{section.2}% 9
\BOOKMARK [3][-]{subsubsection.2.3.1}{IaaS: Infrastructure as a Service}{subsection.2.3}% 10
\BOOKMARK [3][-]{subsubsection.2.3.2}{CaaS: Container as a Service}{subsection.2.3}% 11
\BOOKMARK [3][-]{subsubsection.2.3.3}{PaaS: Plattform as a Service}{subsection.2.3}% 12
\BOOKMARK [3][-]{subsubsection.2.3.4}{BaaS: Backend as a Service}{subsection.2.3}% 13
\BOOKMARK [3][-]{subsubsection.2.3.5}{FaaS: Function as a Service}{subsection.2.3}% 14
\BOOKMARK [3][-]{subsubsection.2.3.6}{SaaS: Software as a Service}{subsection.2.3}% 15
\BOOKMARK [2][-]{subsection.2.4}{Serverless}{section.2}% 16
\BOOKMARK [3][-]{subsubsection.2.4.1}{Richtlinien f\374r Cloud Provider }{subsection.2.4}% 17
\BOOKMARK [3][-]{subsubsection.2.4.2}{Richtlinien f\374r Entwickler }{subsection.2.4}% 18
\BOOKMARK [3][-]{subsubsection.2.4.3}{Vor- und Nachteile}{subsection.2.4}% 19
\BOOKMARK [2][-]{subsection.2.5}{Eignung f\374r die Bachelorarbeit}{section.2}% 20
\BOOKMARK [1][-]{section.3}{AWS Serverless Dienste und Designentscheidung}{}% 21
\BOOKMARK [2][-]{subsection.3.1}{Amazon Web Services Allgemein}{section.3}% 22
\BOOKMARK [2][-]{subsection.3.2}{API}{section.3}% 23
\BOOKMARK [3][-]{subsubsection.3.2.1}{REST API: AWS API Gateway}{subsection.3.2}% 24
\BOOKMARK [3][-]{subsubsection.3.2.2}{GraphQL API: AWS Appsync}{subsection.3.2}% 25
\BOOKMARK [3][-]{subsubsection.3.2.3}{Entscheidung}{subsection.3.2}% 26
\BOOKMARK [2][-]{subsection.3.3}{Datenbanksystem}{section.3}% 27
\BOOKMARK [3][-]{subsubsection.3.3.1}{SQL: AWS RDS}{subsection.3.3}% 28
\BOOKMARK [3][-]{subsubsection.3.3.2}{NoSQL: AWS DynamoDB}{subsection.3.3}% 29
\BOOKMARK [3][-]{subsubsection.3.3.3}{Entscheidung}{subsection.3.3}% 30
\BOOKMARK [2][-]{subsection.3.4}{Authentifizierung}{section.3}% 31
\BOOKMARK [3][-]{subsubsection.3.4.1}{AWS Cognito}{subsection.3.4}% 32
\BOOKMARK [3][-]{subsubsection.3.4.2}{Alternative und Entscheidung}{subsection.3.4}% 33
\BOOKMARK [2][-]{subsection.3.5}{Backend Logik}{section.3}% 34
\BOOKMARK [3][-]{subsubsection.3.5.1}{AWS Lambda}{subsection.3.5}% 35
\BOOKMARK [3][-]{subsubsection.3.5.2}{Entscheidung}{subsection.3.5}% 36
\BOOKMARK [2][-]{subsection.3.6}{Frontend Framework}{section.3}% 37
\BOOKMARK [2][-]{subsection.3.7}{AWS Amplify}{section.3}% 38
\BOOKMARK [1][-]{section.4}{Implementierung}{}% 39
\BOOKMARK [1][-]{section.5}{Fazit}{}% 40
\BOOKMARK [2][-]{subsection.5.1}{Zusammenfassung}{section.5}% 41
\BOOKMARK [2][-]{subsection.5.2}{Ausblick}{section.5}% 42
\BOOKMARK [1][-]{subsection.5.2}{Literaturverzeichnis}{}% 43
\BOOKMARK [1][-]{section*.1}{Anhang}{}% 44
\BOOKMARK [1][-]{appendix.1.A}{Anhang Teil 1}{}% 45
\BOOKMARK [1][-]{appendix.1.B}{Anhang Teil 2}{}% 46
\BOOKMARK [1][-]{appendix.1.C}{Anhang Lambda}{}% 47
