This is pdfTeX, Version 3.14159265-2.6-1.40.21 (TeX Live 2020) (preloaded format=pdflatex 2020.7.2)  28 SEP 2020 23:03
entering extended mode
 restricted \write18 enabled.
 file:line:error style messages enabled.
 %&-line parsing enabled.
**/Users/wieczorek/Documents/Github/bachelor-thesis/BALaTeX/document.tex
(/Users/wieczorek/Documents/Github/bachelor-thesis/BALaTeX/document.tex
LaTeX2e <2020-02-02> patch level 5
L3 programming layer <2020-03-06> (/usr/local/texlive/2020/texmf-dist/tex/latex/base/article.cls
Document Class: article 2019/12/20 v1.4l Standard LaTeX document class
(/usr/local/texlive/2020/texmf-dist/tex/latex/base/size12.clo
File: size12.clo 2019/12/20 v1.4l Standard LaTeX file (size option)
)
\c@part=\count167
\c@section=\count168
\c@subsection=\count169
\c@subsubsection=\count170
\c@paragraph=\count171
\c@subparagraph=\count172
\c@figure=\count173
\c@table=\count174
\abovecaptionskip=\skip47
\belowcaptionskip=\skip48
\bibindent=\dimen134
) (/usr/local/texlive/2020/texmf-dist/tex/latex/titlesec/titlesec.sty
Package: titlesec 2019/10/16 v2.13 Sectioning titles
\ttl@box=\box45
\beforetitleunit=\skip49
\aftertitleunit=\skip50
\ttl@plus=\dimen135
\ttl@minus=\dimen136
\ttl@toksa=\toks15
\titlewidth=\dimen137
\titlewidthlast=\dimen138
\titlewidthfirst=\dimen139
) (/usr/local/texlive/2020/texmf-dist/tex/latex/blindtext/blindtext.sty
Package: blindtext 2012/01/06 V2.0 blindtext-Package
 (/usr/local/texlive/2020/texmf-dist/tex/latex/tools/xspace.sty
Package: xspace 2014/10/28 v1.13 Space after command names (DPC,MH)
)
\c@blindtext=\count175
\c@Blindtext=\count176
\c@blind@countparstart=\count177
\blind@countxx=\count178
\blindtext@numBlindtext=\count179
\blind@countyy=\count180
\c@blindlist=\count181
\c@blindlistlevel=\count182
\c@blindlist@level=\count183
\blind@listitem=\count184
\c@blind@listcount=\count185
\c@blind@levelcount=\count186
\blind@mathformula=\count187
\blind@Mathformula=\count188
\c@blind@randomcount=\count189
\c@blind@randommax=\count190
\c@blind@pangramcount=\count191
\c@blind@pangrammax=\count192
) (/usr/local/texlive/2020/texmf-dist/tex/generic/german/german.sty v2.5e 1998-07-08
Package: german 1998/07/08 v2.5e Support for writing german texts (br)
\grmnU@D=\dimen140
LaTeX Info: Redefining \glqq on input line 251.
german -- \language number for Austrian undefined, default 32 used.
) (/usr/local/texlive/2020/texmf-dist/tex/latex/base/inputenc.sty
Package: inputenc 2018/08/11 v1.3c Input encoding file
\inpenc@prehook=\toks16
\inpenc@posthook=\toks17
) (/usr/local/texlive/2020/texmf-dist/tex/latex/parskip/parskip.sty
Package: parskip 2020-01-22 v2.0d non-zero parskip adjustments
 (/usr/local/texlive/2020/texmf-dist/tex/latex/kvoptions/kvoptions.sty
Package: kvoptions 2019/11/29 v3.13 Key value format for package options (HO)
 (/usr/local/texlive/2020/texmf-dist/tex/latex/graphics/keyval.sty
Package: keyval 2014/10/28 v1.15 key=value parser (DPC)
\KV@toks@=\toks18
) (/usr/local/texlive/2020/texmf-dist/tex/generic/ltxcmds/ltxcmds.sty
Package: ltxcmds 2019/12/15 v1.24 LaTeX kernel commands for general use (HO)
) (/usr/local/texlive/2020/texmf-dist/tex/generic/kvsetkeys/kvsetkeys.sty
Package: kvsetkeys 2019/12/15 v1.18 Key value parser (HO)
)) (/usr/local/texlive/2020/texmf-dist/tex/latex/etoolbox/etoolbox.sty
Package: etoolbox 2019/09/21 v2.5h e-TeX tools for LaTeX (JAW)
\etb@tempcnta=\count193
)) (/usr/local/texlive/2020/texmf-dist/tex/latex/psnfss/mathptmx.sty
Package: mathptmx 2005/04/12 PSNFSS-v9.2a Times w/ Math, improved (SPQR, WaS) 
LaTeX Font Info:    Redeclaring symbol font `operators' on input line 28.
LaTeX Font Info:    Overwriting symbol font `operators' in version `normal'
(Font)                  OT1/cmr/m/n --> OT1/ztmcm/m/n on input line 28.
LaTeX Font Info:    Overwriting symbol font `operators' in version `bold'
(Font)                  OT1/cmr/bx/n --> OT1/ztmcm/m/n on input line 28.
LaTeX Font Info:    Redeclaring symbol font `letters' on input line 29.
LaTeX Font Info:    Overwriting symbol font `letters' in version `normal'
(Font)                  OML/cmm/m/it --> OML/ztmcm/m/it on input line 29.
LaTeX Font Info:    Overwriting symbol font `letters' in version `bold'
(Font)                  OML/cmm/b/it --> OML/ztmcm/m/it on input line 29.
LaTeX Font Info:    Redeclaring symbol font `symbols' on input line 30.
LaTeX Font Info:    Overwriting symbol font `symbols' in version `normal'
(Font)                  OMS/cmsy/m/n --> OMS/ztmcm/m/n on input line 30.
LaTeX Font Info:    Overwriting symbol font `symbols' in version `bold'
(Font)                  OMS/cmsy/b/n --> OMS/ztmcm/m/n on input line 30.
LaTeX Font Info:    Redeclaring symbol font `largesymbols' on input line 31.
LaTeX Font Info:    Overwriting symbol font `largesymbols' in version `normal'
(Font)                  OMX/cmex/m/n --> OMX/ztmcm/m/n on input line 31.
LaTeX Font Info:    Overwriting symbol font `largesymbols' in version `bold'
(Font)                  OMX/cmex/m/n --> OMX/ztmcm/m/n on input line 31.
\symbold=\mathgroup4
\symitalic=\mathgroup5
LaTeX Font Info:    Redeclaring math alphabet \mathbf on input line 34.
LaTeX Font Info:    Overwriting math alphabet `\mathbf' in version `normal'
(Font)                  OT1/cmr/bx/n --> OT1/ptm/bx/n on input line 34.
LaTeX Font Info:    Overwriting math alphabet `\mathbf' in version `bold'
(Font)                  OT1/cmr/bx/n --> OT1/ptm/bx/n on input line 34.
LaTeX Font Info:    Redeclaring math alphabet \mathit on input line 35.
LaTeX Font Info:    Overwriting math alphabet `\mathit' in version `normal'
(Font)                  OT1/cmr/m/it --> OT1/ptm/m/it on input line 35.
LaTeX Font Info:    Overwriting math alphabet `\mathit' in version `bold'
(Font)                  OT1/cmr/bx/it --> OT1/ptm/m/it on input line 35.
LaTeX Info: Redefining \hbar on input line 50.
) (/usr/local/texlive/2020/texmf-dist/tex/latex/psnfss/helvet.sty
Package: helvet 2005/04/12 PSNFSS-v9.2a (WaS) 
) (/usr/local/texlive/2020/texmf-dist/tex/latex/psnfss/courier.sty
Package: courier 2005/04/12 PSNFSS-v9.2a (WaS) 
) (/usr/local/texlive/2020/texmf-dist/tex/latex/graphics/graphicx.sty
Package: graphicx 2019/11/30 v1.2a Enhanced LaTeX Graphics (DPC,SPQR)
 (/usr/local/texlive/2020/texmf-dist/tex/latex/graphics/graphics.sty
Package: graphics 2019/11/30 v1.4a Standard LaTeX Graphics (DPC,SPQR)
 (/usr/local/texlive/2020/texmf-dist/tex/latex/graphics/trig.sty
Package: trig 2016/01/03 v1.10 sin cos tan (DPC)
) (/usr/local/texlive/2020/texmf-dist/tex/latex/graphics-cfg/graphics.cfg
File: graphics.cfg 2016/06/04 v1.11 sample graphics configuration
)
Package graphics Info: Driver file: pdftex.def on input line 105.
 (/usr/local/texlive/2020/texmf-dist/tex/latex/graphics-def/pdftex.def
File: pdftex.def 2018/01/08 v1.0l Graphics/color driver for pdftex
))
\Gin@req@height=\dimen141
\Gin@req@width=\dimen142
) (/usr/local/texlive/2020/texmf-dist/tex/latex/graphics/rotating.sty
Package: rotating 2016/08/11 v2.16d rotated objects in LaTeX
 (/usr/local/texlive/2020/texmf-dist/tex/latex/base/ifthen.sty
Package: ifthen 2014/09/29 v1.1c Standard LaTeX ifthen package (DPC)
)
\c@r@tfl@t=\count194
\rotFPtop=\skip51
\rotFPbot=\skip52
\rot@float@box=\box46
\rot@mess@toks=\toks19
) (/usr/local/texlive/2020/texmf-dist/tex/latex/wrapfig/wrapfig.sty
\wrapoverhang=\dimen143
\WF@size=\dimen144
\c@WF@wrappedlines=\count195
\WF@box=\box47
\WF@everypar=\toks20
Package: wrapfig 2003/01/31  v 3.6
) (/usr/local/texlive/2020/texmf-dist/tex/latex/tools/hhline.sty
Package: hhline 2020/01/04 v2.04 Table rule package (DPC)
) (/usr/local/texlive/2020/texmf-dist/tex/latex/amsfonts/amsfonts.sty
Package: amsfonts 2013/01/14 v3.01 Basic AMSFonts support
\@emptytoks=\toks21
\symAMSa=\mathgroup6
\symAMSb=\mathgroup7
LaTeX Font Info:    Overwriting math alphabet `\mathfrak' in version `bold'
(Font)                  U/euf/m/n --> U/euf/b/n on input line 106.
) (/usr/local/texlive/2020/texmf-dist/tex/latex/sidecap/sidecap.sty
Package: sidecap 2003/06/06 v1.6f SideCap Package (RN/HjG)
\SC@BOXWD=\dimen145
\SC@CAPWD=\dimen146
\SC@tempdima=\dimen147
\SC@tempdimb=\dimen148
\c@SC@C=\count196
\SC@BOX=\box48
) (/usr/local/texlive/2020/texmf-dist/tex/latex/listings/listings.sty
\lst@mode=\count197
\lst@gtempboxa=\box49
\lst@token=\toks22
\lst@length=\count198
\lst@currlwidth=\dimen149
\lst@column=\count199
\lst@pos=\count266
\lst@lostspace=\dimen150
\lst@width=\dimen151
\lst@newlines=\count267
\lst@lineno=\count268
\lst@maxwidth=\dimen152
 (/usr/local/texlive/2020/texmf-dist/tex/latex/listings/lstmisc.sty
File: lstmisc.sty 2020/03/24 1.8d (Carsten Heinz)
\c@lstnumber=\count269
\lst@skipnumbers=\count270
\lst@framebox=\box50
) (/usr/local/texlive/2020/texmf-dist/tex/latex/listings/listings.cfg
File: listings.cfg 2020/03/24 1.8d listings configuration
))
Package: listings 2020/03/24 1.8d (Carsten Heinz)
 (/usr/local/texlive/2020/texmf-dist/tex/latex/spverbatim/spverbatim.sty
Package: spverbatim 2009/08/10 v1.0 Verbatim with breakable spaces
) (/usr/local/texlive/2020/texmf-dist/tex/latex/fancyhdr/fancyhdr.sty
Package: fancyhdr 2019/01/31 v3.10 Extensive control of page headers and footers
\f@nch@headwidth=\skip53
\f@nch@O@elh=\skip54
\f@nch@O@erh=\skip55
\f@nch@O@olh=\skip56
\f@nch@O@orh=\skip57
\f@nch@O@elf=\skip58
\f@nch@O@erf=\skip59
\f@nch@O@olf=\skip60
\f@nch@O@orf=\skip61
) (/usr/local/texlive/2020/texmf-dist/tex/latex/booktabs/booktabs.sty
Package: booktabs 2020/01/12 v1.61803398 Publication quality tables
\heavyrulewidth=\dimen153
\lightrulewidth=\dimen154
\cmidrulewidth=\dimen155
\belowrulesep=\dimen156
\belowbottomsep=\dimen157
\aboverulesep=\dimen158
\abovetopsep=\dimen159
\cmidrulesep=\dimen160
\cmidrulekern=\dimen161
\defaultaddspace=\dimen162
\@cmidla=\count271
\@cmidlb=\count272
\@aboverulesep=\dimen163
\@belowrulesep=\dimen164
\@thisruleclass=\count273
\@lastruleclass=\count274
\@thisrulewidth=\dimen165
) (/usr/local/texlive/2020/texmf-dist/tex/latex/float/float.sty
Package: float 2001/11/08 v1.3d Float enhancements (AL)
\c@float@type=\count275
\float@exts=\toks23
\float@box=\box51
\@float@everytoks=\toks24
\@floatcapt=\box52
) (/usr/local/texlive/2020/texmf-dist/tex/latex/diagbox/diagbox.sty
Package: diagbox 2020/02/09 v2.3 Making table heads with diagonal lines
 (/usr/local/texlive/2020/texmf-dist/tex/latex/pict2e/pict2e.sty
Package: pict2e 2019/08/20 v0.3c Improved picture commands (HjG,RN,JT)
 (/usr/local/texlive/2020/texmf-dist/tex/latex/pict2e/pict2e.cfg
File: pict2e.cfg 2016/02/05 v0.1u pict2e configuration for teTeX/TeXLive
)
Package pict2e Info: Driver file: pdftex.def on input line 119.
Package pict2e Info: Driver file for pict2e: p2e-pdftex.def on input line 121.
 (/usr/local/texlive/2020/texmf-dist/tex/latex/pict2e/p2e-pdftex.def
File: p2e-pdftex.def 2016/02/05 v0.1u Driver-dependant file (RN,HjG,JT)
)
\pIIe@GRAPH=\toks25
\@arclen=\dimen166
\@arcrad=\dimen167
\@tempdimd=\dimen168
) (/usr/local/texlive/2020/texmf-dist/tex/latex/tools/calc.sty
Package: calc 2017/05/25 v4.3 Infix arithmetic (KKT,FJ)
\calc@Acount=\count276
\calc@Bcount=\count277
\calc@Adimen=\dimen169
\calc@Bdimen=\dimen170
\calc@Askip=\skip62
\calc@Bskip=\skip63
LaTeX Info: Redefining \setlength on input line 80.
LaTeX Info: Redefining \addtolength on input line 81.
\calc@Ccount=\count278
\calc@Cskip=\skip64
) (/usr/local/texlive/2020/texmf-dist/tex/latex/tools/array.sty
Package: array 2019/08/31 v2.4l Tabular extension package (FMi)
\col@sep=\dimen171
\ar@mcellbox=\box53
\extrarowheight=\dimen172
\NC@list=\toks26
\extratabsurround=\skip65
\backup@length=\skip66
\ar@cellbox=\box54
)
\diagbox@boxa=\box55
\diagbox@boxb=\box56
\diagbox@boxm=\box57
\diagbox@wd=\dimen173
\diagbox@ht=\dimen174
\diagbox@insepl=\dimen175
\diagbox@insepr=\dimen176
\diagbox@outsepl=\dimen177
\diagbox@outsepr=\dimen178
) (/usr/local/texlive/2020/texmf-dist/tex/latex/geometry/geometry.sty
Package: geometry 2020/01/02 v5.9 Page Geometry
 (/usr/local/texlive/2020/texmf-dist/tex/generic/iftex/ifvtex.sty
Package: ifvtex 2019/10/25 v1.7 ifvtex legacy package. Use iftex instead.
 (/usr/local/texlive/2020/texmf-dist/tex/generic/iftex/iftex.sty
Package: iftex 2020/03/06 v1.0d TeX engine tests
))
\Gm@cnth=\count279
\Gm@cntv=\count280
\c@Gm@tempcnt=\count281
\Gm@bindingoffset=\dimen179
\Gm@wd@mp=\dimen180
\Gm@odd@mp=\dimen181
\Gm@even@mp=\dimen182
\Gm@layoutwidth=\dimen183
\Gm@layoutheight=\dimen184
\Gm@layouthoffset=\dimen185
\Gm@layoutvoffset=\dimen186
\Gm@dimlist=\toks27
) (/usr/local/texlive/2020/texmf-dist/tex/latex/tools/tabularx.sty
Package: tabularx 2020/01/15 v2.11c `tabularx' package (DPC)
\TX@col@width=\dimen187
\TX@old@table=\dimen188
\TX@old@col=\dimen189
\TX@target=\dimen190
\TX@delta=\dimen191
\TX@cols=\count282
\TX@ftn=\toks28
) (/usr/local/texlive/2020/texmf-dist/tex/latex/hyperref/hyperref.sty
Package: hyperref 2020/01/14 v7.00d Hypertext links for LaTeX
 (/usr/local/texlive/2020/texmf-dist/tex/latex/pdftexcmds/pdftexcmds.sty
Package: pdftexcmds 2019/11/24 v0.31 Utility functions of pdfTeX for LuaTeX (HO)
 (/usr/local/texlive/2020/texmf-dist/tex/generic/infwarerr/infwarerr.sty
Package: infwarerr 2019/12/03 v1.5 Providing info/warning/error messages (HO)
)
Package pdftexcmds Info: \pdf@primitive is available.
Package pdftexcmds Info: \pdf@ifprimitive is available.
Package pdftexcmds Info: \pdfdraftmode found.
) (/usr/local/texlive/2020/texmf-dist/tex/generic/kvdefinekeys/kvdefinekeys.sty
Package: kvdefinekeys 2019-12-19 v1.6 Define keys (HO)
) (/usr/local/texlive/2020/texmf-dist/tex/generic/pdfescape/pdfescape.sty
Package: pdfescape 2019/12/09 v1.15 Implements pdfTeX's escape features (HO)
) (/usr/local/texlive/2020/texmf-dist/tex/latex/hycolor/hycolor.sty
Package: hycolor 2020-01-27 v1.10 Color options for hyperref/bookmark (HO)
) (/usr/local/texlive/2020/texmf-dist/tex/latex/letltxmacro/letltxmacro.sty
Package: letltxmacro 2019/12/03 v1.6 Let assignment for LaTeX macros (HO)
) (/usr/local/texlive/2020/texmf-dist/tex/latex/auxhook/auxhook.sty
Package: auxhook 2019-12-17 v1.6 Hooks for auxiliary files (HO)
)
\@linkdim=\dimen192
\Hy@linkcounter=\count283
\Hy@pagecounter=\count284
 (/usr/local/texlive/2020/texmf-dist/tex/latex/hyperref/pd1enc.def
File: pd1enc.def 2020/01/14 v7.00d Hyperref: PDFDocEncoding definition (HO)
Now handling font encoding PD1 ...
... no UTF-8 mapping file for font encoding PD1
) (/usr/local/texlive/2020/texmf-dist/tex/generic/intcalc/intcalc.sty
Package: intcalc 2019/12/15 v1.3 Expandable calculations with integers (HO)
) (/usr/local/texlive/2020/texmf-dist/tex/generic/etexcmds/etexcmds.sty
Package: etexcmds 2019/12/15 v1.7 Avoid name clashes with e-TeX commands (HO)
)
\Hy@SavedSpaceFactor=\count285
Package hyperref Info: Hyper figures OFF on input line 4547.
Package hyperref Info: Link nesting OFF on input line 4552.
Package hyperref Info: Hyper index ON on input line 4555.
Package hyperref Info: Plain pages OFF on input line 4562.
Package hyperref Info: Backreferencing OFF on input line 4567.
Package hyperref Info: Implicit mode ON; LaTeX internals redefined.
Package hyperref Info: Bookmarks ON on input line 4800.
\c@Hy@tempcnt=\count286
 (/usr/local/texlive/2020/texmf-dist/tex/latex/url/url.sty
\Urlmuskip=\muskip16
Package: url 2013/09/16  ver 3.4  Verb mode for urls, etc.
)
LaTeX Info: Redefining \url on input line 5159.
\XeTeXLinkMargin=\dimen193
 (/usr/local/texlive/2020/texmf-dist/tex/generic/bitset/bitset.sty
Package: bitset 2019/12/09 v1.3 Handle bit-vector datatype (HO)
 (/usr/local/texlive/2020/texmf-dist/tex/generic/bigintcalc/bigintcalc.sty
Package: bigintcalc 2019/12/15 v1.5 Expandable calculations on big integers (HO)
))
\Fld@menulength=\count287
\Field@Width=\dimen194
\Fld@charsize=\dimen195
Package hyperref Info: Hyper figures OFF on input line 6430.
Package hyperref Info: Link nesting OFF on input line 6435.
Package hyperref Info: Hyper index ON on input line 6438.
Package hyperref Info: backreferencing OFF on input line 6445.
Package hyperref Info: Link coloring OFF on input line 6450.
Package hyperref Info: Link coloring with OCG OFF on input line 6455.
Package hyperref Info: PDF/A mode OFF on input line 6460.
LaTeX Info: Redefining \ref on input line 6500.
LaTeX Info: Redefining \pageref on input line 6504.
 (/usr/local/texlive/2020/texmf-dist/tex/generic/atbegshi/atbegshi.sty
Package: atbegshi 2019/12/05 v1.19 At begin shipout hook (HO)
)
\Hy@abspage=\count288
\c@Item=\count289
\c@Hfootnote=\count290
)
Package hyperref Info: Driver (autodetected): hpdftex.
 (/usr/local/texlive/2020/texmf-dist/tex/latex/hyperref/hpdftex.def
File: hpdftex.def 2020/01/14 v7.00d Hyperref driver for pdfTeX
 (/usr/local/texlive/2020/texmf-dist/tex/latex/atveryend/atveryend.sty
Package: atveryend 2019-12-11 v1.11 Hooks at the very end of document (HO)
)
\Fld@listcount=\count291
\c@bookmark@seq@number=\count292
 (/usr/local/texlive/2020/texmf-dist/tex/latex/rerunfilecheck/rerunfilecheck.sty
Package: rerunfilecheck 2019/12/05 v1.9 Rerun checks for auxiliary files (HO)
 (/usr/local/texlive/2020/texmf-dist/tex/generic/uniquecounter/uniquecounter.sty
Package: uniquecounter 2019/12/15 v1.4 Provide unlimited unique counter (HO)
)
Package uniquecounter Info: New unique counter `rerunfilecheck' on input line 286.
)
\Hy@SectionHShift=\skip67
)
Package hyperref Info: Option `colorlinks' set `true' on input line 55.
Package hyperref Info: Option `plainpages' set `false' on input line 55.
 (/usr/local/texlive/2020/texmf-dist/tex/latex/cite/cite.sty
LaTeX Info: Redefining \cite on input line 302.
LaTeX Info: Redefining \nocite on input line 332.
Package: cite 2015/02/27  v 5.5
) (/usr/local/texlive/2020/texmf-dist/tex/latex/breakurl/breakurl.sty
Package: breakurl 2013/04/10 v1.40 Breakable hyperref URLs
 (/usr/local/texlive/2020/texmf-dist/tex/latex/xkeyval/xkeyval.sty
Package: xkeyval 2014/12/03 v2.7a package option processing (HA)
 (/usr/local/texlive/2020/texmf-dist/tex/generic/xkeyval/xkeyval.tex (/usr/local/texlive/2020/texmf-dist/tex/generic/xkeyval/xkvutils.tex
\XKV@toks=\toks29
\XKV@tempa@toks=\toks30
)
\XKV@depth=\count293
File: xkeyval.tex 2014/12/03 v2.7a key=value parser (HA)
)) (/usr/local/texlive/2020/texmf-dist/tex/generic/iftex/ifpdf.sty
Package: ifpdf 2019/10/25 v3.4 ifpdf legacy package. Use iftex instead.
)

Package breakurl Warning: You are using breakurl while processing via pdflatex.
(breakurl)                \burl will be just a synonym of \url.
(breakurl)                 on input line 48.

) (/usr/local/texlive/2020/texmf-dist/tex/latex/appendix/appendix.sty
Package: appendix 2020/02/08 v1.2c extra appendix facilities
\c@@pps=\count294
\c@@ppsavesec=\count295
\c@@ppsaveapp=\count296
) (/usr/local/texlive/2020/texmf-dist/tex/latex/tocbibind/tocbibind.sty
Package: tocbibind 2010/10/13 v1.5k extra ToC listings
Package tocbibind Info: The document has section divisions on input line 50.


Package tocbibind Note: Using section or other style headings.

)
\tdima=\skip68
 (/usr/local/texlive/2020/texmf-dist/tex/latex/l3backend/l3backend-pdfmode.def
File: l3backend-pdfmode.def 2020-03-12 L3 backend support: PDF mode
\l__kernel_color_stack_int=\count297
\l__pdf_internal_box=\box58
) (/Users/wieczorek/Documents/Github/bachelor-thesis/BALaTeX/document.aux

LaTeX Warning: Label `fig:meine-grafik' multiply defined.


LaTeX Warning: Label `fig:meine-grafik' multiply defined.


LaTeX Warning: Label `fig:meine-grafik' multiply defined.


LaTeX Warning: Label `fig:meine-grafik' multiply defined.


LaTeX Warning: Label `fig:meine-grafik' multiply defined.


LaTeX Warning: Label `fig:meine-grafik' multiply defined.


LaTeX Warning: Label `fig:meine-grafik' multiply defined.


LaTeX Warning: Label `lst:Beispielcode 1' multiply defined.

)
\openout1 = `document.aux'.

LaTeX Font Info:    Checking defaults for OML/cmm/m/it on input line 110.
LaTeX Font Info:    ... okay on input line 110.
LaTeX Font Info:    Checking defaults for OMS/cmsy/m/n on input line 110.
LaTeX Font Info:    ... okay on input line 110.
LaTeX Font Info:    Checking defaults for OT1/cmr/m/n on input line 110.
LaTeX Font Info:    ... okay on input line 110.
LaTeX Font Info:    Checking defaults for T1/cmr/m/n on input line 110.
LaTeX Font Info:    ... okay on input line 110.
LaTeX Font Info:    Checking defaults for TS1/cmr/m/n on input line 110.
LaTeX Font Info:    ... okay on input line 110.
LaTeX Font Info:    Checking defaults for OMX/cmex/m/n on input line 110.
LaTeX Font Info:    ... okay on input line 110.
LaTeX Font Info:    Checking defaults for U/cmr/m/n on input line 110.
LaTeX Font Info:    ... okay on input line 110.
LaTeX Font Info:    Checking defaults for PD1/pdf/m/n on input line 110.
LaTeX Font Info:    ... okay on input line 110.
LaTeX Font Info:    Trying to load font information for OT1+ptm on input line 110.
 (/usr/local/texlive/2020/texmf-dist/tex/latex/psnfss/ot1ptm.fd
File: ot1ptm.fd 2001/06/04 font definitions for OT1/ptm.
)
\big@size=\dimen196
 (/usr/local/texlive/2020/texmf-dist/tex/context/base/mkii/supp-pdf.mkii
[Loading MPS to PDF converter (version 2006.09.02).]
\scratchcounter=\count298
\scratchdimen=\dimen197
\scratchbox=\box59
\nofMPsegments=\count299
\nofMParguments=\count300
\everyMPshowfont=\toks31
\MPscratchCnt=\count301
\MPscratchDim=\dimen198
\MPnumerator=\count302
\makeMPintoPDFobject=\count303
\everyMPtoPDFconversion=\toks32
) (/usr/local/texlive/2020/texmf-dist/tex/latex/epstopdf-pkg/epstopdf-base.sty
Package: epstopdf-base 2020-01-24 v2.11 Base part for package epstopdf
 (/usr/local/texlive/2020/texmf-dist/tex/latex/grfext/grfext.sty
Package: grfext 2019/12/03 v1.3 Manage graphics extensions (HO)
)
Package epstopdf-base Info: Redefining graphics rule for `.eps' on input line 485.
Package grfext Info: Graphics extension search list:
(grfext)             [.pdf,.png,.jpg,.mps,.jpeg,.jbig2,.jb2,.PDF,.PNG,.JPG,.JPEG,.JBIG2,.JB2,.eps]
(grfext)             \AppendGraphicsExtensions on input line 504.
 (/usr/local/texlive/2020/texmf-dist/tex/latex/latexconfig/epstopdf-sys.cfg
File: epstopdf-sys.cfg 2010/07/13 v1.3 Configuration of (r)epstopdf for TeX Live
)) (/usr/local/texlive/2020/texmf-dist/tex/latex/ragged2e/ragged2e.sty
Package: ragged2e 2019/07/28 v2.2 ragged2e Package (MS)
 (/usr/local/texlive/2020/texmf-dist/tex/latex/ms/everysel.sty
Package: everysel 2011/10/28 v1.2 EverySelectfont Package (MS)
 ABD: EverySelectfont initializing macros
LaTeX Info: Redefining \selectfont on input line 126.
)
\CenteringLeftskip=\skip69
\RaggedLeftLeftskip=\skip70
\RaggedRightLeftskip=\skip71
\CenteringRightskip=\skip72
\RaggedLeftRightskip=\skip73
\RaggedRightRightskip=\skip74
\CenteringParfillskip=\skip75
\RaggedLeftParfillskip=\skip76
\RaggedRightParfillskip=\skip77
\JustifyingParfillskip=\skip78
\CenteringParindent=\skip79
\RaggedLeftParindent=\skip80
\RaggedRightParindent=\skip81
\JustifyingParindent=\skip82
)
\c@lstlisting=\count304

*geometry* driver: auto-detecting
*geometry* detected driver: pdftex
*geometry* verbose mode - [ preamble ] result:
* driver: pdftex
* paper: a4paper
* layout: <same size as paper>
* layoutoffset:(h,v)=(0.0pt,0.0pt)
* modes: twoside 
* h-part:(L,W,R)=(71.13188pt, 455.24411pt, 71.13188pt)
* v-part:(T,H,B)=(85.35826pt, 688.5567pt, 71.13188pt)
* \paperwidth=597.50787pt
* \paperheight=845.04684pt
* \textwidth=455.24411pt
* \textheight=688.5567pt
* \oddsidemargin=-1.1381pt
* \evensidemargin=-1.1381pt
* \topmargin=-23.91173pt
* \headheight=12.0pt
* \headsep=25.0pt
* \topskip=12.0pt
* \footskip=30.0pt
* \marginparwidth=95.0pt
* \marginparsep=10.0pt
* \columnsep=10.0pt
* \skip\footins=10.8pt plus 4.0pt minus 2.0pt
* \hoffset=0.0pt
* \voffset=0.0pt
* \mag=1000
* \@twocolumnfalse
* \@twosidetrue
* \@mparswitchtrue
* \@reversemarginfalse
* (1in=72.27pt=25.4mm, 1cm=28.453pt)

\AtBeginShipoutBox=\box60
(/usr/local/texlive/2020/texmf-dist/tex/latex/graphics/color.sty
Package: color 2019/11/23 v1.2a Standard LaTeX Color (DPC)
 (/usr/local/texlive/2020/texmf-dist/tex/latex/graphics-cfg/color.cfg
File: color.cfg 2016/01/02 v1.6 sample color configuration
)
Package color Info: Driver file: pdftex.def on input line 147.
)
Package hyperref Info: Link coloring ON on input line 110.
 (/usr/local/texlive/2020/texmf-dist/tex/latex/hyperref/nameref.sty
Package: nameref 2019/09/16 v2.46 Cross-referencing by name of section
 (/usr/local/texlive/2020/texmf-dist/tex/latex/refcount/refcount.sty
Package: refcount 2019/12/15 v3.6 Data extraction from label references (HO)
) (/usr/local/texlive/2020/texmf-dist/tex/generic/gettitlestring/gettitlestring.sty
Package: gettitlestring 2019/12/15 v1.6 Cleanup title references (HO)
)
\c@section@level=\count305
)
LaTeX Info: Redefining \ref on input line 110.
LaTeX Info: Redefining \pageref on input line 110.
LaTeX Info: Redefining \nameref on input line 110.
 (/Users/wieczorek/Documents/Github/bachelor-thesis/BALaTeX/document.out) (/Users/wieczorek/Documents/Github/bachelor-thesis/BALaTeX/document.out)
\@outlinefile=\write3
\openout3 = `document.out'.

 (/Users/wieczorek/Documents/Github/bachelor-thesis/BALaTeX/10-Praeambel/Titlepage.tex [1

{/usr/local/texlive/2020/texmf-var/fonts/map/pdftex/updmap/pdftex.map}]) (/Users/wieczorek/Documents/Github/bachelor-thesis/BALaTeX/10-Praeambel/Synopsis.tex [2

]) (/Users/wieczorek/Documents/Github/bachelor-thesis/BALaTeX/10-Praeambel/Jurat.tex (/usr/local/texlive/2020/texmf-dist/tex/latex/psnfss/ot1ztmcm.fd) (/usr/local/texlive/2020/texmf-dist/tex/latex/psnfss/omlztmcm.fd) (/usr/local/texlive/2020/texmf-dist/tex/latex/psnfss/omsztmcm.fd) (/usr/local/texlive/2020/texmf-dist/tex/latex/psnfss/omxztmcm.fd) [3

]) (/Users/wieczorek/Documents/Github/bachelor-thesis/BALaTeX/10-Praeambel/Gender.tex) [4

] (/Users/wieczorek/Documents/Github/bachelor-thesis/BALaTeX/10-Praeambel/Thx.tex) [5

] (/Users/wieczorek/Documents/Github/bachelor-thesis/BALaTeX/document.toc

Package Fancyhdr Warning: \headheight is too small (12.0pt): 
Make it at least 14.49998pt.
We now make it that large for the rest of the document.
This may cause the page layout to be inconsistent, however.

[6

])
\tf@toc=\write4
\openout4 = `document.toc'.

 [7] (/Users/wieczorek/Documents/Github/bachelor-thesis/BALaTeX/20-Einleitung/Aufgabe.tex) (/Users/wieczorek/Documents/Github/bachelor-thesis/BALaTeX/20-Einleitung/Motivation.tex
LaTeX Font Info:    Font shape `OT1/ptm/bx/n' in size <10> not available
(Font)              Font shape `OT1/ptm/b/n' tried instead on input line 16.
LaTeX Font Info:    Font shape `OT1/ptm/bx/n' in size <7.4> not available
(Font)              Font shape `OT1/ptm/b/n' tried instead on input line 16.
LaTeX Font Info:    Font shape `OT1/ptm/bx/n' in size <6> not available
(Font)              Font shape `OT1/ptm/b/n' tried instead on input line 16.
) (/Users/wieczorek/Documents/Github/bachelor-thesis/BALaTeX/20-Einleitung/CBC.tex [1


]) (/Users/wieczorek/Documents/Github/bachelor-thesis/BALaTeX/20-Einleitung/Gliederung.tex) [2] (/Users/wieczorek/Documents/Github/bachelor-thesis/BALaTeX/30-Serverless-Theorie/CloudComputing.tex [3

]
<30-Serverless-Theorie/ServiceModelle.png, id=449, 1335.99126pt x 934.49126pt>
File: 30-Serverless-Theorie/ServiceModelle.png Graphic file (type png)
<use 30-Serverless-Theorie/ServiceModelle.png>
Package pdftex.def Info: 30-Serverless-Theorie/ServiceModelle.png  used on input line 37.
(pdftex.def)             Requested size: 455.24411pt x 318.43578pt.
 [4

 </Users/wieczorek/Documents/Github/bachelor-thesis/BALaTeX/30-Serverless-Theorie/ServiceModelle.png>] [5] [6]) (/Users/wieczorek/Documents/Github/bachelor-thesis/BALaTeX/30-Serverless-Theorie/Serverless.tex [7] [8] [9]) [10] (/Users/wieczorek/Documents/Github/bachelor-thesis/BALaTeX/40-AWS/Allgemein.tex) (/Users/wieczorek/Documents/Github/bachelor-thesis/BALaTeX/40-AWS/Dienste.tex
LaTeX Font Info:    Trying to load font information for OT1+pcr on input line 21.
 (/usr/local/texlive/2020/texmf-dist/tex/latex/psnfss/ot1pcr.fd
File: ot1pcr.fd 2001/06/04 font definitions for OT1/pcr.
) [11

] [12] [13] [14] [15]
<40-AWS/Appsync.png, id=640, 978.65625pt x 422.07687pt>
File: 40-AWS/Appsync.png Graphic file (type png)
<use 40-AWS/Appsync.png>
Package pdftex.def Info: 40-AWS/Appsync.png  used on input line 217.
(pdftex.def)             Requested size: 455.24411pt x 196.34099pt.
 [16 </Users/wieczorek/Documents/Github/bachelor-thesis/BALaTeX/40-AWS/Appsync.png (PNG copy)>] [17]
LaTeX Font Info:    Trying to load font information for TS1+ptm on input line 319.
 (/usr/local/texlive/2020/texmf-dist/tex/latex/psnfss/ts1ptm.fd
File: ts1ptm.fd 2001/06/04 font definitions for TS1/ptm.
)
LaTeX Font Info:    Trying to load font information for OML+ptm on input line 319.
 (/usr/local/texlive/2020/texmf-dist/tex/latex/psnfss/omlptm.fd
File: omlptm.fd 
)
LaTeX Font Info:    Font shape `OML/ptm/m/n' in size <12> not available
(Font)              Font shape `OML/cmm/m/it' tried instead on input line 319.
 [18] [19] [20] [21] [22] [23] [24] [25] [26]) [27] (/Users/wieczorek/Documents/Github/bachelor-thesis/BALaTeX/50-Implementierung/Imp-Allgemein.tex
<50-Implementierung/Architektur.png, id=795, 884.30376pt x 692.5875pt>
File: 50-Implementierung/Architektur.png Graphic file (type png)
<use 50-Implementierung/Architektur.png>
Package pdftex.def Info: 50-Implementierung/Architektur.png  used on input line 9.
(pdftex.def)             Requested size: 455.24411pt x 356.55444pt.
 [28

 </Users/wieczorek/Documents/Github/bachelor-thesis/BALaTeX/50-Implementierung/Architektur.png>]
Overfull \hbox (10.96393pt too wide) in paragraph at lines 65--69
[]\OT1/ptm/m/n/12 Als n[]achstes ben[]otigt die Amplify-CLI Zu-gang auf den AWS Ac-count [][]\OT1/pcr/m/n/12 Cbc-Clouds-Sandbox[]\OT1/ptm/m/n/12 .
 []

[29] [30] [31]) (/Users/wieczorek/Documents/Github/bachelor-thesis/BALaTeX/50-Implementierung/Imp-Dienste.tex
Overfull \hbox (14.084pt too wide) in paragraph at lines 2--4
\OT1/ptm/m/n/12 Der er-ste ben[]otig-te Dienst f[]ur die We-ban-wen-dung ist die Gra-ph-QL API. Mit [][]\OT1/pcr/m/n/12 amplify add api
 []

[32]
<50-Implementierung/AppSync-DynamoDB.png, id=915, 979.66pt x 319.1925pt>
File: 50-Implementierung/AppSync-DynamoDB.png Graphic file (type png)
<use 50-Implementierung/AppSync-DynamoDB.png>
Package pdftex.def Info: 50-Implementierung/AppSync-DynamoDB.png  used on input line 55.
(pdftex.def)             Requested size: 455.24411pt x 148.32556pt.
 [33 </Users/wieczorek/Documents/Github/bachelor-thesis/BALaTeX/50-Implementierung/AppSync-DynamoDB.png>]
Overfull \hbox (19.38922pt too wide) in paragraph at lines 98--102
\OT1/ptm/m/n/12 funk-tio-nie-ren. Die IAM-Rolle erh[]alt die Be-rech-ti-gung [][]\OT1/pcr/m/n/12 AWSOrganizationsReadOnlyAccess
 []

<50-Implementierung/IAM-Rolle.png, id=941, 1057.9525pt x 618.31pt>
File: 50-Implementierung/IAM-Rolle.png Graphic file (type png)
<use 50-Implementierung/IAM-Rolle.png>
Package pdftex.def Info: 50-Implementierung/IAM-Rolle.png  used on input line 106.
(pdftex.def)             Requested size: 455.24411pt x 266.05681pt.

Underfull \hbox (badness 1448) in paragraph at lines 112--118
[]\OT1/ptm/m/n/12 Dieser Zu-griff auf den Ac-count muss in Lamb-da pro-gram-miert wer-den. Da-zu die-nen
 []


Overfull \hbox (18.24913pt too wide) in paragraph at lines 112--118
\OT1/ptm/m/n/12 de. Das ei-gent-li-che []Uber-neh-men der IAM-Rolle er-le-digt [][]\OT1/pcr/m/n/12 getCrossAccountCredentials()[]\OT1/ptm/m/n/12 .
 []

[34 </Users/wieczorek/Documents/Github/bachelor-thesis/BALaTeX/50-Implementierung/IAM-Rolle.png>]
Underfull \hbox (badness 2846) in paragraph at lines 145--147
[]\OT1/ptm/m/n/12 Im er-sten Schritt wer-den tem-por[]are An-meld-e-in-for-ma-ti-on ab-ge-ru-fen und an-schlie-^^Yend
 []


Underfull \hbox (badness 3792) in paragraph at lines 145--147
\OT1/ptm/m/n/12 dem Service-Objekt []uber-ge-ben. Da-durch ist es der Funk-ti-on m[]oglich die Funk-ti-on
 []

[35]
<50-Implementierung/DynamoWeb.png, id=967, 1251.67625pt x 483.8075pt>
File: 50-Implementierung/DynamoWeb.png Graphic file (type png)
<use 50-Implementierung/DynamoWeb.png>
Package pdftex.def Info: 50-Implementierung/DynamoWeb.png  used on input line 186.
(pdftex.def)             Requested size: 455.24411pt x 175.96446pt.
 [36 </Users/wieczorek/Documents/Github/bachelor-thesis/BALaTeX/50-Implementierung/DynamoWeb.png>]
<50-Implementierung/Login.png, id=979, 485.815pt x 462.72874pt>
File: 50-Implementierung/Login.png Graphic file (type png)
<use 50-Implementierung/Login.png>
Package pdftex.def Info: 50-Implementierung/Login.png  used on input line 234.
(pdftex.def)             Requested size: 227.62206pt x 216.80472pt.
 [37] [38 </Users/wieczorek/Documents/Github/bachelor-thesis/BALaTeX/50-Implementierung/Login.png>]
Underfull \hbox (badness 1454) in paragraph at lines 304--320
\OT1/ptm/m/n/12 vor sie ver-wen-det wer-den. Re-act bie-tet da-zu die Funk-ti-on [][]\OT1/pcr/m/n/12 componentDidMount()
 []


Underfull \hbox (badness 1803) in paragraph at lines 304--320
[]\OT1/ptm/m/n/12 an, die ex-akt f[]ur die-sen An-wen-dungs-fall exi-stiert. [[][]Fac20a[][], ] In-ner-halb der Funk-ti-on
 []


Underfull \hbox (badness 1769) in paragraph at lines 304--320
\OT1/ptm/m/n/12 Be-fehl [][]\OT1/pcr/m/n/12 API.graphql(graphqlOperation(listAllAccounts)) []\OT1/ptm/m/n/12 aus-gef[]uhrt, der
 []

[39]
<50-Implementierung/Webanwendung.png, id=1029, 1525.7pt x 840.13875pt>
File: 50-Implementierung/Webanwendung.png Graphic file (type png)
<use 50-Implementierung/Webanwendung.png>
Package pdftex.def Info: 50-Implementierung/Webanwendung.png  used on input line 323.
(pdftex.def)             Requested size: 455.24411pt x 250.68471pt.

Underfull \hbox (badness 6110) in paragraph at lines 330--338
\OT1/ptm/m/n/12 Da al-le Kom-po-nen-ten er-folg-reich im-ple-men-tiert wor-den sind und die We-ban-wen-
 []


Underfull \hbox (badness 2418) in paragraph at lines 330--338
\OT1/ptm/m/n/12 dung al-le ge-for-der-ten Auf-ga-ben erf[]ullt, kann sie ver[]offent-licht wer-den. Mit-hil-fe von
 []

) [40

 </Users/wieczorek/Documents/Github/bachelor-thesis/BALaTeX/50-Implementierung/Webanwendung.png>] (/Users/wieczorek/Documents/Github/bachelor-thesis/BALaTeX/80-Ende/Zusammenfassung.tex) [41

] (/Users/wieczorek/Documents/Github/bachelor-thesis/BALaTeX/80-Ende/Ausblick.tex) [42] (/Users/wieczorek/Documents/Github/bachelor-thesis/BALaTeX/document.bbl
Underfull \hbox (badness 4634) in paragraph at lines 11--15
[]\OT1/ptm/m/n/12 Alexander Lapp / Ni-co Lit-zel, \OT1/ptm/m/it/12 Big da-ta, sql und nos-ql { ei-ne kur-ze
 []


Underfull \hbox (badness 4242) in paragraph at lines 11--15
\OT1/pcr/m/n/12 nosql -[] eine -[] kurze -[] uebersicht -[] a -[] 602249/$[][]\OT1/ptm/m/n/12 , 2017, [Ab-ge-ru-fen am
 []


Underfull \hbox (badness 10000) in paragraph at lines 17--20
[]\OT1/ptm/m/n/12 Amazon Web Ser-vices, \OT1/ptm/m/it/12 Abonnement-richtlinien f[]ur das graphql-schema\OT1/ptm/m/n/12 ,
 []


Underfull \hbox (badness 10000) in paragraph at lines 17--20
[][]$\OT1/pcr/m/n/12 https : / / docs\OML/ztmcm/m/it/12 :\OT1/pcr/m/n/12 aws\OML/ztmcm/m/it/12 :\OT1/pcr/m/n/12 amazon\OML/ztmcm/m/it/12 :\OT1/pcr/m/n/12 com / de _ de / appsync / latest /
 []


Underfull \hbox (badness 10000) in paragraph at lines 22--25
[][]\OT1/ptm/m/n/12 , \OT1/ptm/m/it/12 Ama-zon api ga-te-way\OT1/ptm/m/n/12 , [][]$\OT1/pcr/m/n/12 https : / / aws\OML/ztmcm/m/it/12 :\OT1/pcr/m/n/12 amazon\OML/ztmcm/m/it/12 :\OT1/pcr/m/n/12 com / de / api -[]
 []


Underfull \hbox (badness 10000) in paragraph at lines 45--47
[][]\OT1/ptm/m/n/12 , \OT1/ptm/m/it/12 Ama-zon re-la-tio-nal da-ta-ba-se ser-vice (rds)\OT1/ptm/m/n/12 , [][]$\OT1/pcr/m/n/12 https : / /
 []


Underfull \hbox (badness 1642) in paragraph at lines 49--51
[][]\OT1/ptm/m/n/12 , \OT1/ptm/m/it/12 Aws am-plify\OT1/ptm/m/n/12 , [][]$\OT1/pcr/m/n/12 https : / / aws\OML/ztmcm/m/it/12 :\OT1/pcr/m/n/12 amazon\OML/ztmcm/m/it/12 :\OT1/pcr/m/n/12 com / de / amplify/$[][]\OT1/ptm/m/n/12 , 2020,
 []


Underfull \hbox (badness 10000) in paragraph at lines 77--80
[][]\OT1/ptm/m/n/12 , \OT1/ptm/m/it/12 Class: Aws.organizations\OT1/ptm/m/n/12 , [][]$\OT1/pcr/m/n/12 https : / /
 []


Underfull \hbox (badness 10000) in paragraph at lines 77--80
\OT1/pcr/m/n/12 docs\OML/ztmcm/m/it/12 :\OT1/pcr/m/n/12 aws\OML/ztmcm/m/it/12 :\OT1/pcr/m/n/12 amazon\OML/ztmcm/m/it/12 :\OT1/pcr/m/n/12 com / AWSJavaScriptSDK / latest / AWS /
 []


Underfull \hbox (badness 10000) in paragraph at lines 77--80
\OT1/pcr/m/n/12 Organizations\OML/ztmcm/m/it/12 :\OT1/pcr/m/n/12 html#listAccounts -[] property$[][]\OT1/ptm/m/n/12 , 2020, [Ab-ge-ru-fen
 []


Underfull \hbox (badness 10000) in paragraph at lines 82--85
[][]\OT1/ptm/m/n/12 , \OT1/ptm/m/it/12 Er-stel-len und auf-ru-fen von service-objekten\OT1/ptm/m/n/12 , [][]$\OT1/pcr/m/n/12 https :
 []


Underfull \hbox (badness 10000) in paragraph at lines 82--85
\OT1/pcr/m/n/12 / / docs\OML/ztmcm/m/it/12 :\OT1/pcr/m/n/12 aws\OML/ztmcm/m/it/12 :\OT1/pcr/m/n/12 amazon\OML/ztmcm/m/it/12 :\OT1/pcr/m/n/12 com / de _ de / sdk -[] for -[] javascript /
 []


Underfull \hbox (badness 10000) in paragraph at lines 82--85
\OT1/pcr/m/n/12 v2 / developer -[] guide / creating -[] and -[] calling -[] service -[]
 []

[43]
Underfull \hbox (badness 10000) in paragraph at lines 92--95
[][]\OT1/ptm/m/n/12 , \OT1/ptm/m/it/12 In-te-gra-ti-on von ama-zon co-gni-to in web- und mo-bi-le ap-
 []


Underfull \hbox (badness 10000) in paragraph at lines 92--95
\OT1/ptm/m/it/12 ps\OT1/ptm/m/n/12 , [][]$\OT1/pcr/m/n/12 https : / / docs\OML/ztmcm/m/it/12 :\OT1/pcr/m/n/12 aws\OML/ztmcm/m/it/12 :\OT1/pcr/m/n/12 amazon\OML/ztmcm/m/it/12 :\OT1/pcr/m/n/12 com / de _ de / cognito / latest /
 []


Underfull \hbox (badness 10000) in paragraph at lines 92--95
\OT1/pcr/m/n/12 developerguide / cognito -[] integrate -[] apps\OML/ztmcm/m/it/12 :\OT1/pcr/m/n/12 html$[][]\OT1/ptm/m/n/12 , 2020, [Ab-ge-
 []


Underfull \hbox (badness 10000) in paragraph at lines 102--105
[][]\OT1/ptm/m/n/12 , \OT1/ptm/m/it/12 Ser-ver-less ar-chi-tec-tu-res with aws lamb-da\OT1/ptm/m/n/12 , [][]$\OT1/pcr/m/n/12 https : / /
 []


Underfull \hbox (badness 10000) in paragraph at lines 102--105
\OT1/pcr/m/n/12 d1\OML/ztmcm/m/it/12 :\OT1/pcr/m/n/12 awsstatic\OML/ztmcm/m/it/12 :\OT1/pcr/m/n/12 com / whitepapers / serverless -[] architectures -[]
 []


Underfull \hbox (badness 2809) in paragraph at lines 107--110
[][]\OT1/ptm/m/n/12 , \OT1/ptm/m/it/12 Ver-wen-den von aws lamb-da mit ama-zon dy-na-modb\OT1/ptm/m/n/12 , [][]$\OT1/pcr/m/n/12 https : / /
 []


Underfull \hbox (badness 10000) in paragraph at lines 107--110
\OT1/pcr/m/n/12 docs\OML/ztmcm/m/it/12 :\OT1/pcr/m/n/12 aws\OML/ztmcm/m/it/12 :\OT1/pcr/m/n/12 amazon\OML/ztmcm/m/it/12 :\OT1/pcr/m/n/12 com / de _ de / lambda / latest / dg / with -[] ddb\OML/ztmcm/m/it/12 :\OT1/pcr/m/n/12 html$[][]\OT1/ptm/m/n/12 ,
 []


Underfull \hbox (badness 7832) in paragraph at lines 112--115
[][]\OT1/ptm/m/n/12 , \OT1/ptm/m/it/12 Ver-wen-den von aws lamb-da mit son-sti-gen ser-vices\OT1/ptm/m/n/12 , [][]$\OT1/pcr/m/n/12 https :
 []


Underfull \hbox (badness 10000) in paragraph at lines 112--115
\OT1/pcr/m/n/12 / / docs\OML/ztmcm/m/it/12 :\OT1/pcr/m/n/12 aws\OML/ztmcm/m/it/12 :\OT1/pcr/m/n/12 amazon\OML/ztmcm/m/it/12 :\OT1/pcr/m/n/12 com / de _ de / lambda / latest / dg / lambda -[]
 []


Underfull \hbox (badness 7291) in paragraph at lines 117--120
[][]\OT1/ptm/m/n/12 , \OT1/ptm/m/it/12 Was ist ama-zon co-gni-to?\OT1/ptm/m/n/12 , [][]$\OT1/pcr/m/n/12 https : / / docs\OML/ztmcm/m/it/12 :\OT1/pcr/m/n/12 aws\OML/ztmcm/m/it/12 :\OT1/pcr/m/n/12 amazon\OML/ztmcm/m/it/12 :\OT1/pcr/m/n/12 com /
 []


Underfull \hbox (badness 10000) in paragraph at lines 117--120
\OT1/pcr/m/n/12 de _ de / cognito / latest / developerguide / what -[] is -[] amazon -[]
 []


Underfull \hbox (badness 10000) in paragraph at lines 122--125
[][]\OT1/ptm/m/n/12 , \OT1/ptm/m/it/12 Was ist ama-zon ela-stic con-tai-ner ser-vice?\OT1/ptm/m/n/12 , [][]$\OT1/pcr/m/n/12 https :
 []


Underfull \hbox (badness 10000) in paragraph at lines 122--125
\OT1/pcr/m/n/12 / / docs\OML/ztmcm/m/it/12 :\OT1/pcr/m/n/12 aws\OML/ztmcm/m/it/12 :\OT1/pcr/m/n/12 amazon\OML/ztmcm/m/it/12 :\OT1/pcr/m/n/12 com / de _ de / AmazonECS / latest /
 []


Underfull \hbox (badness 10000) in paragraph at lines 127--130
[][]\OT1/ptm/m/n/12 , \OT1/ptm/m/it/12 Was ist aws?\OT1/ptm/m/n/12 , [][]$\OT1/pcr/m/n/12 https : / / aws\OML/ztmcm/m/it/12 :\OT1/pcr/m/n/12 amazon\OML/ztmcm/m/it/12 :\OT1/pcr/m/n/12 com / de / what -[] is -[]
 []


Underfull \hbox (badness 10000) in paragraph at lines 137--140
[]\OT1/ptm/m/n/12 Amplify sup-por-ted by Ama-zon Web Ser-vices, \OT1/ptm/m/it/12 Add au-then-ti-ca-ti-on\OT1/ptm/m/n/12 ,
 []


Underfull \hbox (badness 10000) in paragraph at lines 137--140
[][]$\OT1/pcr/m/n/12 https : / / docs\OML/ztmcm/m/it/12 :\OT1/pcr/m/n/12 amplify\OML/ztmcm/m/it/12 :\OT1/pcr/m/n/12 aws / start / getting -[] started / auth /
 []


Underfull \hbox (badness 10000) in paragraph at lines 137--140
\OT1/pcr/m/n/12 q / integration / react#create -[] login -[] ui$[][]\OT1/ptm/m/n/12 , 2020, [Ab-ge-ru-fen am
 []


Underfull \hbox (badness 2173) in paragraph at lines 147--150
[][]\OT1/ptm/m/n/12 , \OT1/ptm/m/it/12 Pre-re-qui-si-tes\OT1/ptm/m/n/12 , [][]$\OT1/pcr/m/n/12 https : / / docs\OML/ztmcm/m/it/12 :\OT1/pcr/m/n/12 amplify\OML/ztmcm/m/it/12 :\OT1/pcr/m/n/12 aws / start / getting -[]
 []


Underfull \hbox (badness 10000) in paragraph at lines 152--155
[]\OT1/ptm/m/n/12 Apollo Graph Inc., \OT1/ptm/m/it/12 Ca-ching\OT1/ptm/m/n/12 , [][]$\OT1/pcr/m/n/12 https : / / www\OML/ztmcm/m/it/12 :\OT1/pcr/m/n/12 apollographql\OML/ztmcm/m/it/12 :\OT1/pcr/m/n/12 com /
 []


Underfull \hbox (badness 10000) in paragraph at lines 152--155
\OT1/pcr/m/n/12 docs / apollo -[] server / performance / caching/$[][]\OT1/ptm/m/n/12 , 2020, [Ab-ge-ru-fen
 []

[44]
Underfull \hbox (badness 10000) in paragraph at lines 157--160
[]\OT1/ptm/m/n/12 Back4App, \OT1/ptm/m/it/12 Gra-ph-ql vs rest\OT1/ptm/m/n/12 , [][]$\OT1/pcr/m/n/12 https : / / medium\OML/ztmcm/m/it/12 :\OT1/pcr/m/n/12 com / @back4apps /
 []


Underfull \hbox (badness 1546) in paragraph at lines 166--169
[]\OT1/ptm/m/n/12 Chandan Ku-mar, \OT1/ptm/m/it/12 5 best ser-ver-less se-cu-ri-ty plat-form for your ap-p-li-ca-ti-ons\OT1/ptm/m/n/12 ,
 []


Underfull \hbox (badness 10000) in paragraph at lines 166--169
[][]$\OT1/pcr/m/n/12 https : / / geekflare\OML/ztmcm/m/it/12 :\OT1/pcr/m/n/12 com / serverless -[] application -[] security/$[][]\OT1/ptm/m/n/12 ,
 []


Underfull \hbox (badness 10000) in paragraph at lines 176--179
[]\OT1/ptm/m/n/12 Facebook Inc., \OT1/ptm/m/it/12 com-po-nent-did-mount()\OT1/ptm/m/n/12 , [][]$\OT1/pcr/m/n/12 https : / / reactjs\OML/ztmcm/m/it/12 :\OT1/pcr/m/n/12 org / docs /
 []


Underfull \hbox (badness 3407) in paragraph at lines 176--179
\OT1/pcr/m/n/12 react -[] component\OML/ztmcm/m/it/12 :\OT1/pcr/m/n/12 html#componentdidmount$[][]\OT1/ptm/m/n/12 , 2020, [Ab-ge-ru-fen am
 []


Underfull \hbox (badness 10000) in paragraph at lines 186--189
[]\OT1/ptm/m/n/12 Marc-Andre Gi-roux, \OT1/ptm/m/it/12 Gra-ph-ql & ca-ching: The ele-phant in the room\OT1/ptm/m/n/12 ,
 []


Underfull \hbox (badness 10000) in paragraph at lines 186--189
[][]$\OT1/pcr/m/n/12 https : / / www\OML/ztmcm/m/it/12 :\OT1/pcr/m/n/12 apollographql\OML/ztmcm/m/it/12 :\OT1/pcr/m/n/12 com / blog / graphql -[] caching -[]
 []


Underfull \hbox (badness 10000) in paragraph at lines 186--189
\OT1/pcr/m/n/12 the -[] elephant -[] in -[] the -[] room -[] 11a3df0c23ad/$[][]\OT1/ptm/m/n/12 , 2020, [Ab-ge-ru-fen
 []


Underfull \hbox (badness 10000) in paragraph at lines 191--194
[]\OT1/ptm/m/n/12 Maximilian Schwarz-mu-el-ler, \OT1/ptm/m/it/12 An-gu-lar vs re-act vs vue [2020 up-da-te]\OT1/ptm/m/n/12 ,
 []


Underfull \hbox (badness 10000) in paragraph at lines 191--194
[][]$\OT1/pcr/m/n/12 https : / / academind\OML/ztmcm/m/it/12 :\OT1/pcr/m/n/12 com / learn / angular / angular -[] vs -[] react -[]
 []


Underfull \hbox (badness 10000) in paragraph at lines 196--200
\OT1/ptm/m/it/12 cloud\OT1/ptm/m/n/12 , [][]$\OT1/pcr/m/n/12 https : / / www\OML/ztmcm/m/it/12 :\OT1/pcr/m/n/12 crn\OML/ztmcm/m/it/12 :\OT1/pcr/m/n/12 com / news / security / check -[] point -[] to -[]
 []


Underfull \hbox (badness 10000) in paragraph at lines 196--200
\OT1/pcr/m/n/12 buy -[] serverless -[] security -[] firm -[] protego -[] to -[] protect -[] cloud$[][]\OT1/ptm/m/n/12 ,
 []


Underfull \hbox (badness 10000) in paragraph at lines 202--205
[]\OT1/ptm/m/n/12 Microsoft Azu-re, \OT1/ptm/m/it/12 Was ist cloud com-pu-ting?\OT1/ptm/m/n/12 , [][]$\OT1/pcr/m/n/12 https : / /
 []


Underfull \hbox (badness 10000) in paragraph at lines 202--205
\OT1/pcr/m/n/12 azure\OML/ztmcm/m/it/12 :\OT1/pcr/m/n/12 microsoft\OML/ztmcm/m/it/12 :\OT1/pcr/m/n/12 com / de -[] de / overview / what -[] is -[] cloud -[]
 []


Underfull \hbox (badness 10000) in paragraph at lines 202--205
\OT1/pcr/m/n/12 computing / #cloud -[] deployment -[] types$[][]\OT1/ptm/m/n/12 , 2020, [Ab-ge-ru-fen am
 []


Underfull \hbox (badness 10000) in paragraph at lines 207--210
[][]\OT1/ptm/m/n/12 , \OT1/ptm/m/it/12 Was ist de-vops?\OT1/ptm/m/n/12 , [][]$\OT1/pcr/m/n/12 https : / / azure\OML/ztmcm/m/it/12 :\OT1/pcr/m/n/12 microsoft\OML/ztmcm/m/it/12 :\OT1/pcr/m/n/12 com / de -[] de /
 []


Underfull \hbox (badness 10000) in paragraph at lines 217--220
[][]\OT1/ptm/m/n/12 , \OT1/ptm/m/it/12 Was ist saas? saas (software-as-a-service)\OT1/ptm/m/n/12 , [][]$\OT1/pcr/m/n/12 https : / /
 []


Underfull \hbox (badness 10000) in paragraph at lines 217--220
\OT1/pcr/m/n/12 azure\OML/ztmcm/m/it/12 :\OT1/pcr/m/n/12 microsoft\OML/ztmcm/m/it/12 :\OT1/pcr/m/n/12 com / de -[] de / overview / what -[] is -[] saas/$[][]\OT1/ptm/m/n/12 , 2020,
 []


Underfull \hbox (badness 7613) in paragraph at lines 222--225
[]\OT1/ptm/m/n/12 Moritz St[]uck-ler, \OT1/ptm/m/it/12 Was ist ei-gent-lich github?\OT1/ptm/m/n/12 , [][]$\OT1/pcr/m/n/12 https : / / t3n\OML/ztmcm/m/it/12 :\OT1/pcr/m/n/12 de / news /
 []

[45]
Underfull \hbox (badness 10000) in paragraph at lines 227--230
[]\OT1/ptm/m/n/12 Mozilla and in-di-vi-du-al con-tri-bu-tors, \OT1/ptm/m/it/12 Pro-mi-ses be-nut-zen\OT1/ptm/m/n/12 , [][]$\OT1/pcr/m/n/12 https :
 []


Underfull \hbox (badness 10000) in paragraph at lines 227--230
\OT1/pcr/m/n/12 / / developer\OML/ztmcm/m/it/12 :\OT1/pcr/m/n/12 mozilla\OML/ztmcm/m/it/12 :\OT1/pcr/m/n/12 org / de / docs / Web / JavaScript / Guide /
 []


Underfull \hbox (badness 10000) in paragraph at lines 232--235
[][]\OT1/ptm/m/n/12 , \OT1/ptm/m/it/12 Web-sockets\OT1/ptm/m/n/12 , [][]$\OT1/pcr/m/n/12 https : / / developer\OML/ztmcm/m/it/12 :\OT1/pcr/m/n/12 mozilla\OML/ztmcm/m/it/12 :\OT1/pcr/m/n/12 org / de / docs /
 []


Underfull \hbox (badness 10000) in paragraph at lines 237--240
[]\OT1/ptm/m/n/12 Red Hat, Inc., \OT1/ptm/m/it/12 Zu-stands-be-haf-tet oder zu-stands-los?\OT1/ptm/m/n/12 , [][]$\OT1/pcr/m/n/12 https : / /
 []


Underfull \hbox (badness 10000) in paragraph at lines 237--240
\OT1/pcr/m/n/12 www\OML/ztmcm/m/it/12 :\OT1/pcr/m/n/12 redhat\OML/ztmcm/m/it/12 :\OT1/pcr/m/n/12 com / de / topics / cloud -[] native -[] apps / stateful -[]
 []


Underfull \hbox (badness 10000) in paragraph at lines 246--250
[][]$\OT1/pcr/m/n/12 https : / / aws\OML/ztmcm/m/it/12 :\OT1/pcr/m/n/12 amazon\OML/ztmcm/m/it/12 :\OT1/pcr/m/n/12 com / de / blogs / architecture / things -[]
 []


Underfull \hbox (badness 10000) in paragraph at lines 246--250
\OT1/pcr/m/n/12 to -[] consider -[] when -[] you -[] build -[] a -[] graphql -[] api -[] with -[] aws -[]
 []


Underfull \hbox (badness 3058) in paragraph at lines 256--259
[][]\OT1/ptm/m/n/12 , \OT1/ptm/m/it/12 Sche-mas and ty-pes\OT1/ptm/m/n/12 , [][]$\OT1/pcr/m/n/12 https : / / graphql\OML/ztmcm/m/it/12 :\OT1/pcr/m/n/12 org / learn / schema /
 []


Underfull \hbox (badness 3148) in paragraph at lines 261--264
[][]\OT1/ptm/m/n/12 , \OT1/ptm/m/it/12 Ser-ving over http\OT1/ptm/m/n/12 , [][]$\OT1/pcr/m/n/12 https : / / graphql\OML/ztmcm/m/it/12 :\OT1/pcr/m/n/12 org / learn / serving -[]
 []


Underfull \hbox (badness 4886) in paragraph at lines 266--270
[]\OT1/ptm/m/n/12 Tilman Wit-ten-horst, \OT1/ptm/m/it/12 Bun-des-po-li-zei spei-chert bodycam-aufnahmen in ama-
 []


Underfull \hbox (badness 10000) in paragraph at lines 266--270
\OT1/ptm/m/it/12 z-ons aws-cloud\OT1/ptm/m/n/12 , [][]$\OT1/pcr/m/n/12 https : / / www\OML/ztmcm/m/it/12 :\OT1/pcr/m/n/12 heise\OML/ztmcm/m/it/12 :\OT1/pcr/m/n/12 de / newsticker / meldung /
 []


Underfull \hbox (badness 10000) in paragraph at lines 266--270
\OT1/pcr/m/n/12 Bundespolizei -[] speichert -[] Bodycam -[] Aufnahmen -[] in -[] Amazons -[]
 []


Underfull \hbox (badness 4981) in paragraph at lines 272--275
[]\OT1/ptm/m/n/12 W3Schools, \OT1/ptm/m/it/12 Re-act jsx\OT1/ptm/m/n/12 , [][]$\OT1/pcr/m/n/12 https : / / www\OML/ztmcm/m/it/12 :\OT1/pcr/m/n/12 w3schools\OML/ztmcm/m/it/12 :\OT1/pcr/m/n/12 com / react / react _
 []

) [46] (/Users/wieczorek/Documents/Github/bachelor-thesis/BALaTeX/90-Anhang/Lambda.tex (/Users/wieczorek/Documents/Github/bachelor-thesis/BALaTeX/99-Format/JavaScript/JSStyle.tex)

Package Listings Warning: Text dropped after begin of listing on input line 4.

LaTeX Font Info:    Font shape `OT1/ptm/bx/n' in size <10.95> not available
(Font)              Font shape `OT1/ptm/b/n' tried instead on input line 6.
LaTeX Font Info:    Font shape `OT1/ptm/bx/n' in size <8> not available
(Font)              Font shape `OT1/ptm/b/n' tried instead on input line 6.
[0

]
LaTeX Font Info:    Trying to load font information for TS1+pcr on input line 80.
 (/usr/local/texlive/2020/texmf-dist/tex/latex/psnfss/ts1pcr.fd
File: ts1pcr.fd 2001/06/04 font definitions for TS1/pcr.
)
Underfull \vbox (badness 10000) has occurred while \output is active []

 [1]
Underfull \vbox (badness 10000) has occurred while \output is active []

 [2]
Underfull \vbox (badness 10000) has occurred while \output is active []

 [3]) (/Users/wieczorek/Documents/Github/bachelor-thesis/BALaTeX/90-Anhang/React-Main.tex (/Users/wieczorek/Documents/Github/bachelor-thesis/BALaTeX/99-Format/JavaScript/JSStyle.tex)

Package Listings Warning: Text dropped after begin of listing on input line 4.

[4]) (/Users/wieczorek/Documents/Github/bachelor-thesis/BALaTeX/90-Anhang/React-Greeting.tex (/Users/wieczorek/Documents/Github/bachelor-thesis/BALaTeX/99-Format/JavaScript/JSStyle.tex)

Package Listings Warning: Text dropped after begin of listing on input line 4.

) (/Users/wieczorek/Documents/Github/bachelor-thesis/BALaTeX/90-Anhang/React-AccountList.tex (/Users/wieczorek/Documents/Github/bachelor-thesis/BALaTeX/99-Format/JavaScript/JSStyle.tex)

Package Listings Warning: Text dropped after begin of listing on input line 4.

[5]
Underfull \vbox (badness 10000) has occurred while \output is active []

 [6]
Underfull \vbox (badness 10000) has occurred while \output is active []

 [7])
Package atveryend Info: Empty hook `BeforeClearDocument' on input line 274.
 [8]
Package atveryend Info: Empty hook `AfterLastShipout' on input line 274.
 (/Users/wieczorek/Documents/Github/bachelor-thesis/BALaTeX/document.aux)
Package atveryend Info: Executing hook `AtVeryEndDocument' on input line 274.
Package atveryend Info: Executing hook `AtEndAfterFileList' on input line 274.
Package rerunfilecheck Info: File `document.out' has not changed.
(rerunfilecheck)             Checksum: 403BB4E8552A7F2DFD16E37B1E8A8ADC;4740.


LaTeX Warning: There were multiply-defined labels.

 )
(\end occurred inside a group at level 1)

### simple group (level 1) entered at line 366 ({)
### bottom level 
Here is how much of TeX's memory you used:
 11553 strings out of 480608
 175241 string characters out of 5903631
 553766 words of memory out of 5000000
 26268 multiletter control sequences out of 15000+600000
 581831 words of font info for 131 fonts, out of 8000000 for 9000
 1141 hyphenation exceptions out of 8191
 41i,12n,76p,1255b,2452s stack positions out of 5000i,500n,10000p,200000b,80000s
{/usr/local/texlive/2020/texmf-dist/fonts/enc/dvips/base/8r.enc}</usr/local/texlive/2020/texmf-dist/fonts/type1/public/amsfonts/cm/cmmi10.pfb></usr/local/texlive/2020/texmf-dist/fonts/type1/public/amsfonts/cm/cmmi12.pfb></usr/local/texlive/2020/texmf-dist/fonts/type1/public/amsfonts/cm/cmsy10.pfb></usr/local/texlive/2020/texmf-dist/fonts/type1/urw/courier/ucrb8a.pfb></usr/local/texlive/2020/texmf-dist/fonts/type1/urw/courier/ucrr8a.pfb></usr/local/texlive/2020/texmf-dist/fonts/type1/urw/times/utmb8a.pfb></usr/local/texlive/2020/texmf-dist/fonts/type1/urw/times/utmr8a.pfb></usr/local/texlive/2020/texmf-dist/fonts/type1/urw/times/utmri8a.pfb>
Output written on /Users/wieczorek/Documents/Github/bachelor-thesis/BALaTeX/document.pdf (62 pages, 1043424 bytes).
PDF statistics:
 1788 PDF objects out of 2073 (max. 8388607)
 1684 compressed objects within 17 object streams
 797 named destinations out of 1000 (max. 500000)
 553 words of extra memory for PDF output out of 10000 (max. 10000000)

